Jan 23, 2016 9:24:03 AM org.apache.catalina.core.AprLifecycleListener init
INFO: The APR based Apache Tomcat Native library which allows optimal performance in production environments was not found on the java.library.path: /usr/java/packages/lib/amd64:/usr/lib64:/lib64:/lib:/usr/lib
Jan 23, 2016 9:24:04 AM org.apache.coyote.AbstractProtocol init
INFO: Initializing ProtocolHandler ["http-bio-8080"]
Jan 23, 2016 9:24:04 AM org.apache.coyote.AbstractProtocol init
INFO: Initializing ProtocolHandler ["ajp-bio-8009"]
Jan 23, 2016 9:24:04 AM org.apache.catalina.startup.Catalina load
INFO: Initialization processed in 3757 ms
Jan 23, 2016 9:24:05 AM org.apache.catalina.core.StandardService startInternal
INFO: Starting service Catalina
Jan 23, 2016 9:24:05 AM org.apache.catalina.core.StandardEngine startInternal
INFO: Starting Servlet Engine: Apache Tomcat/7.0.56
Jan 23, 2016 9:24:05 AM org.apache.catalina.startup.HostConfig deployDirectory
INFO: Deploying web application directory /opt/vsphere-host-client/webapps/host-client#ovf-ui
Jan 23, 2016 9:24:06 AM org.apache.catalina.util.SessionIdGenerator createSecureRandom
INFO: Creation of SecureRandom instance for session ID generation using [SHA1PRNG] took [111] milliseconds.
Jan 23, 2016 9:24:06 AM org.apache.catalina.startup.HostConfig deployDirectory
INFO: Deployment of web application directory /opt/vsphere-host-client/webapps/host-client#ovf-ui has finished in 1,287 ms
Jan 23, 2016 9:24:06 AM org.apache.catalina.startup.HostConfig deployDirectory
INFO: Deploying web application directory /opt/vsphere-host-client/webapps/host-client#vm-ui
Jan 23, 2016 9:24:06 AM org.apache.catalina.startup.HostConfig deployDirectory
INFO: Deployment of web application directory /opt/vsphere-host-client/webapps/host-client#vm-ui has finished in 125 ms
Jan 23, 2016 9:24:06 AM org.apache.catalina.startup.HostConfig deployDirectory
INFO: Deploying web application directory /opt/vsphere-host-client/webapps/host-client#opsmgmt-rsls
Jan 23, 2016 9:24:06 AM org.apache.catalina.startup.HostConfig deployDirectory
INFO: Deployment of web application directory /opt/vsphere-host-client/webapps/host-client#opsmgmt-rsls has finished in 159 ms
Jan 23, 2016 9:24:06 AM org.apache.catalina.startup.HostConfig deployDirectory
INFO: Deploying web application directory /opt/vsphere-host-client/webapps/host-client#cm-ui
Jan 23, 2016 9:24:06 AM org.apache.catalina.startup.HostConfig deployDirectory
INFO: Deployment of web application directory /opt/vsphere-host-client/webapps/host-client#cm-ui has finished in 95 ms
Jan 23, 2016 9:24:06 AM org.apache.catalina.startup.HostConfig deployDirectory
INFO: Deploying web application directory /opt/vsphere-host-client/webapps/host-client#bootstrap-ui
Jan 23, 2016 9:24:06 AM org.apache.catalina.startup.HostConfig deployDirectory
INFO: Deployment of web application directory /opt/vsphere-host-client/webapps/host-client#bootstrap-ui has finished in 142 ms
Jan 23, 2016 9:24:06 AM org.apache.catalina.startup.HostConfig deployDirectory
INFO: Deploying web application directory /opt/vsphere-host-client/webapps/host-client
Jan 23, 2016 9:24:19 AM org.apache.catalina.core.ApplicationContext log
INFO: No Spring WebApplicationInitializer types detected on classpath
Jan 23, 2016 9:24:19 AM org.apache.catalina.core.ApplicationContext log
INFO: Initializing Spring root WebApplicationContext
Jan 23, 2016 9:24:43 AM org.apache.catalina.core.ApplicationContext log
INFO: org.tuckey.web.filters.urlrewrite.UrlRewriteFilter INFO: loaded (conf ok)
Jan 23, 2016 9:24:43 AM org.apache.catalina.core.ApplicationContext log
INFO: Initializing Spring FrameworkServlet 'springServlet'
Jan 23, 2016 9:24:46 AM org.apache.catalina.core.ApplicationContext log
INFO: Initializing Spring FrameworkServlet 'downloadManager'
Jan 23, 2016 9:24:46 AM org.apache.catalina.startup.HostConfig deployDirectory
INFO: Deployment of web application directory /opt/vsphere-host-client/webapps/host-client has finished in 39,913 ms
Jan 23, 2016 9:24:46 AM org.apache.catalina.startup.HostConfig deployDirectory
INFO: Deploying web application directory /opt/vsphere-host-client/webapps/host-client#network-ui
Jan 23, 2016 9:24:47 AM org.apache.catalina.startup.HostConfig deployDirectory
INFO: Deployment of web application directory /opt/vsphere-host-client/webapps/host-client#network-ui has finished in 207 ms
Jan 23, 2016 9:24:47 AM org.apache.catalina.startup.HostConfig deployDirectory
INFO: Deploying web application directory /opt/vsphere-host-client/webapps/host-client#res-mgmt-ui
Jan 23, 2016 9:24:47 AM org.apache.catalina.startup.HostConfig deployDirectory
INFO: Deployment of web application directory /opt/vsphere-host-client/webapps/host-client#res-mgmt-ui has finished in 521 ms
Jan 23, 2016 9:24:47 AM org.apache.catalina.startup.HostConfig deployDirectory
INFO: Deploying web application directory /opt/vsphere-host-client/webapps/manager
Jan 23, 2016 9:24:47 AM org.apache.catalina.startup.HostConfig deployDirectory
INFO: Deployment of web application directory /opt/vsphere-host-client/webapps/manager has finished in 123 ms
Jan 23, 2016 9:24:47 AM org.apache.catalina.startup.HostConfig deployDirectory
INFO: Deploying web application directory /opt/vsphere-host-client/webapps/host-client#tasks-ui
Jan 23, 2016 9:24:47 AM org.apache.catalina.startup.HostConfig deployDirectory
INFO: Deployment of web application directory /opt/vsphere-host-client/webapps/host-client#tasks-ui has finished in 40 ms
Jan 23, 2016 9:24:47 AM org.apache.catalina.startup.HostConfig deployDirectory
INFO: Deploying web application directory /opt/vsphere-host-client/webapps/host-client#storage-ui
Jan 23, 2016 9:24:47 AM org.apache.catalina.startup.HostConfig deployDirectory
INFO: Deployment of web application directory /opt/vsphere-host-client/webapps/host-client#storage-ui has finished in 38 ms
Jan 23, 2016 9:24:47 AM org.apache.catalina.startup.HostConfig deployDirectory
INFO: Deploying web application directory /opt/vsphere-host-client/webapps/host-client#inventory-viewer
Jan 23, 2016 9:24:47 AM org.apache.catalina.startup.HostConfig deployDirectory
INFO: Deployment of web application directory /opt/vsphere-host-client/webapps/host-client#inventory-viewer has finished in 64 ms
Jan 23, 2016 9:24:47 AM org.apache.catalina.startup.HostConfig deployDirectory
INFO: Deploying web application directory /opt/vsphere-host-client/webapps/host-client#tiwo-ui
Jan 23, 2016 9:24:48 AM org.apache.catalina.startup.HostConfig deployDirectory
INFO: Deployment of web application directory /opt/vsphere-host-client/webapps/host-client#tiwo-ui has finished in 381 ms
Jan 23, 2016 9:24:48 AM org.apache.catalina.startup.HostConfig deployDirectory
INFO: Deploying web application directory /opt/vsphere-host-client/webapps/host-client#event-ui
Jan 23, 2016 9:24:48 AM org.apache.catalina.startup.HostConfig deployDirectory
INFO: Deployment of web application directory /opt/vsphere-host-client/webapps/host-client#event-ui has finished in 49 ms
Jan 23, 2016 9:24:48 AM org.apache.catalina.startup.HostConfig deployDirectory
INFO: Deploying web application directory /opt/vsphere-host-client/webapps/host-client#license-ui
Jan 23, 2016 9:24:48 AM org.apache.catalina.startup.HostConfig deployDirectory
INFO: Deployment of web application directory /opt/vsphere-host-client/webapps/host-client#license-ui has finished in 47 ms
Jan 23, 2016 9:24:48 AM org.apache.catalina.startup.HostConfig deployDirectory
INFO: Deploying web application directory /opt/vsphere-host-client/webapps/ROOT
Jan 23, 2016 9:24:48 AM org.apache.catalina.startup.HostConfig deployDirectory
INFO: Deployment of web application directory /opt/vsphere-host-client/webapps/ROOT has finished in 46 ms
Jan 23, 2016 9:24:48 AM org.apache.catalina.startup.HostConfig deployDirectory
INFO: Deploying web application directory /opt/vsphere-host-client/webapps/host-client#folder-ui
Jan 23, 2016 9:24:48 AM org.apache.catalina.startup.HostConfig deployDirectory
INFO: Deployment of web application directory /opt/vsphere-host-client/webapps/host-client#folder-ui has finished in 436 ms
Jan 23, 2016 9:24:48 AM org.apache.catalina.startup.HostConfig deployDirectory
INFO: Deploying web application directory /opt/vsphere-host-client/webapps/host-client#host-ui
Jan 23, 2016 9:24:48 AM org.apache.catalina.startup.HostConfig deployDirectory
INFO: Deployment of web application directory /opt/vsphere-host-client/webapps/host-client#host-ui has finished in 50 ms
Jan 23, 2016 9:24:48 AM org.apache.catalina.startup.HostConfig deployDirectory
INFO: Deploying web application directory /opt/vsphere-host-client/webapps/host-client#advperfcharts-ui
Jan 23, 2016 9:24:48 AM org.apache.catalina.startup.HostConfig deployDirectory
INFO: Deployment of web application directory /opt/vsphere-host-client/webapps/host-client#advperfcharts-ui has finished in 73 ms
Jan 23, 2016 9:24:48 AM org.apache.catalina.startup.HostConfig deployDirectory
INFO: Deploying web application directory /opt/vsphere-host-client/webapps/host-manager
Jan 23, 2016 9:24:48 AM org.apache.catalina.startup.HostConfig deployDirectory
INFO: Deployment of web application directory /opt/vsphere-host-client/webapps/host-manager has finished in 37 ms
Jan 23, 2016 9:24:48 AM org.apache.coyote.AbstractProtocol start
INFO: Starting ProtocolHandler ["http-bio-8080"]
Jan 23, 2016 9:24:48 AM org.apache.coyote.AbstractProtocol start
INFO: Starting ProtocolHandler ["ajp-bio-8009"]
Jan 23, 2016 9:24:49 AM org.apache.catalina.startup.Catalina start
INFO: Server startup in 44036 ms
