Nov 11, 2014 5:03:55 PM org.apache.catalina.core.AprLifecycleListener init
INFO: The APR based Apache Tomcat Native library which allows optimal performance in production environments was not found on the java.library.path: /usr/java/packages/lib/amd64:/usr/lib64:/lib64:/lib:/usr/lib
Nov 11, 2014 5:03:55 PM org.apache.coyote.AbstractProtocol init
INFO: Initializing ProtocolHandler ["http-bio-8080"]
Nov 11, 2014 5:03:55 PM org.apache.coyote.AbstractProtocol init
INFO: Initializing ProtocolHandler ["ajp-bio-8009"]
Nov 11, 2014 5:03:55 PM org.apache.catalina.startup.Catalina load
INFO: Initialization processed in 414 ms
Nov 11, 2014 5:03:55 PM org.apache.catalina.core.StandardService startInternal
INFO: Starting service Catalina
Nov 11, 2014 5:03:55 PM org.apache.catalina.core.StandardEngine startInternal
INFO: Starting Servlet Engine: Apache Tomcat/7.0.56
Nov 11, 2014 5:03:55 PM org.apache.catalina.startup.HostConfig deployDirectory
INFO: Deploying web application directory /home/herwono/vsphere-web-client/tomcat/webapps/ROOT
Nov 11, 2014 5:03:56 PM org.apache.catalina.startup.HostConfig deployDirectory
INFO: Deployment of web application directory /home/herwono/vsphere-web-client/tomcat/webapps/ROOT has finished in 353 ms
Nov 11, 2014 5:03:56 PM org.apache.catalina.startup.HostConfig deployDirectory
INFO: Deploying web application directory /home/herwono/vsphere-web-client/tomcat/webapps/docs
Nov 11, 2014 5:03:56 PM org.apache.catalina.startup.HostConfig deployDirectory
INFO: Deployment of web application directory /home/herwono/vsphere-web-client/tomcat/webapps/docs has finished in 59 ms
Nov 11, 2014 5:03:56 PM org.apache.catalina.startup.HostConfig deployDirectory
INFO: Deploying web application directory /home/herwono/vsphere-web-client/tomcat/webapps/examples
Nov 11, 2014 5:03:56 PM org.apache.catalina.startup.HostConfig deployDirectory
INFO: Deployment of web application directory /home/herwono/vsphere-web-client/tomcat/webapps/examples has finished in 268 ms
Nov 11, 2014 5:03:56 PM org.apache.catalina.startup.HostConfig deployDirectory
INFO: Deploying web application directory /home/herwono/vsphere-web-client/tomcat/webapps/host-manager
Nov 11, 2014 5:03:56 PM org.apache.catalina.startup.HostConfig deployDirectory
INFO: Deployment of web application directory /home/herwono/vsphere-web-client/tomcat/webapps/host-manager has finished in 34 ms
Nov 11, 2014 5:03:56 PM org.apache.catalina.startup.HostConfig deployDirectory
INFO: Deploying web application directory /home/herwono/vsphere-web-client/tomcat/webapps/manager
Nov 11, 2014 5:03:56 PM org.apache.catalina.startup.HostConfig deployDirectory
INFO: Deployment of web application directory /home/herwono/vsphere-web-client/tomcat/webapps/manager has finished in 54 ms
Nov 11, 2014 5:03:56 PM org.apache.coyote.AbstractProtocol start
INFO: Starting ProtocolHandler ["http-bio-8080"]
Nov 11, 2014 5:03:56 PM org.apache.coyote.AbstractProtocol start
INFO: Starting ProtocolHandler ["ajp-bio-8009"]
Nov 11, 2014 5:03:56 PM org.apache.catalina.startup.Catalina start
INFO: Server startup in 808 ms
Nov 11, 2014 5:08:40 PM org.apache.coyote.AbstractProtocol pause
INFO: Pausing ProtocolHandler ["http-bio-8080"]
Nov 11, 2014 5:08:40 PM org.apache.coyote.AbstractProtocol pause
INFO: Pausing ProtocolHandler ["ajp-bio-8009"]
Nov 11, 2014 5:08:40 PM org.apache.catalina.core.StandardService stopInternal
INFO: Stopping service Catalina
Nov 11, 2014 5:08:40 PM org.apache.coyote.AbstractProtocol stop
INFO: Stopping ProtocolHandler ["http-bio-8080"]
Nov 11, 2014 5:08:40 PM org.apache.coyote.AbstractProtocol stop
INFO: Stopping ProtocolHandler ["ajp-bio-8009"]
Nov 11, 2014 5:08:40 PM org.apache.coyote.AbstractProtocol destroy
INFO: Destroying ProtocolHandler ["http-bio-8080"]
Nov 11, 2014 5:08:40 PM org.apache.coyote.AbstractProtocol destroy
INFO: Destroying ProtocolHandler ["ajp-bio-8009"]
Nov 11, 2014 5:15:03 PM org.apache.catalina.core.AprLifecycleListener init
INFO: The APR based Apache Tomcat Native library which allows optimal performance in production environments was not found on the java.library.path: /usr/java/packages/lib/amd64:/usr/lib64:/lib64:/lib:/usr/lib
Nov 11, 2014 5:15:03 PM org.apache.coyote.AbstractProtocol init
INFO: Initializing ProtocolHandler ["http-bio-8080"]
Nov 11, 2014 5:15:03 PM org.apache.coyote.AbstractProtocol init
INFO: Initializing ProtocolHandler ["ajp-bio-8009"]
Nov 11, 2014 5:15:03 PM org.apache.catalina.startup.Catalina load
INFO: Initialization processed in 547 ms
Nov 11, 2014 5:15:03 PM org.apache.catalina.core.StandardService startInternal
INFO: Starting service Catalina
Nov 11, 2014 5:15:03 PM org.apache.catalina.core.StandardEngine startInternal
INFO: Starting Servlet Engine: Apache Tomcat/7.0.56
Nov 11, 2014 5:15:03 PM org.apache.catalina.startup.HostConfig deployDirectory
INFO: Deploying web application directory /home/herwono/vsphere-web-client/tomcat/webapps/ROOT
Nov 11, 2014 5:15:03 PM org.apache.catalina.startup.HostConfig deployDirectory
INFO: Deployment of web application directory /home/herwono/vsphere-web-client/tomcat/webapps/ROOT has finished in 390 ms
Nov 11, 2014 5:15:03 PM org.apache.catalina.startup.HostConfig deployDirectory
INFO: Deploying web application directory /home/herwono/vsphere-web-client/tomcat/webapps/docs
Nov 11, 2014 5:15:03 PM org.apache.catalina.startup.HostConfig deployDirectory
INFO: Deployment of web application directory /home/herwono/vsphere-web-client/tomcat/webapps/docs has finished in 34 ms
Nov 11, 2014 5:15:03 PM org.apache.catalina.startup.HostConfig deployDirectory
INFO: Deploying web application directory /home/herwono/vsphere-web-client/tomcat/webapps/examples
Nov 11, 2014 5:15:04 PM org.apache.catalina.startup.HostConfig deployDirectory
INFO: Deployment of web application directory /home/herwono/vsphere-web-client/tomcat/webapps/examples has finished in 294 ms
Nov 11, 2014 5:15:04 PM org.apache.catalina.startup.HostConfig deployDirectory
INFO: Deploying web application directory /home/herwono/vsphere-web-client/tomcat/webapps/host-manager
Nov 11, 2014 5:15:04 PM org.apache.catalina.startup.HostConfig deployDirectory
INFO: Deployment of web application directory /home/herwono/vsphere-web-client/tomcat/webapps/host-manager has finished in 59 ms
Nov 11, 2014 5:15:04 PM org.apache.catalina.startup.HostConfig deployDirectory
INFO: Deploying web application directory /home/herwono/vsphere-web-client/tomcat/webapps/manager
Nov 11, 2014 5:15:04 PM org.apache.catalina.startup.HostConfig deployDirectory
INFO: Deployment of web application directory /home/herwono/vsphere-web-client/tomcat/webapps/manager has finished in 55 ms
Nov 11, 2014 5:15:04 PM org.apache.catalina.startup.HostConfig deployDirectory
INFO: Deploying web application directory /home/herwono/vsphere-web-client/tomcat/webapps/host-client
Nov 11, 2014 5:15:30 PM org.apache.catalina.startup.HostConfig deployDirectory
INFO: Deployment of web application directory /home/herwono/vsphere-web-client/tomcat/webapps/host-client has finished in 25,841 ms
Nov 11, 2014 5:15:30 PM org.apache.catalina.startup.HostConfig deployDirectory
INFO: Deploying web application directory /home/herwono/vsphere-web-client/tomcat/webapps/host-client#advperfcharts-ui
Nov 11, 2014 5:15:30 PM org.apache.catalina.startup.HostConfig deployDirectory
INFO: Deployment of web application directory /home/herwono/vsphere-web-client/tomcat/webapps/host-client#advperfcharts-ui has finished in 120 ms
Nov 11, 2014 5:15:30 PM org.apache.catalina.startup.HostConfig deployDirectory
INFO: Deploying web application directory /home/herwono/vsphere-web-client/tomcat/webapps/host-client#bootstrap-ui
Nov 11, 2014 5:15:30 PM org.apache.catalina.startup.HostConfig deployDirectory
INFO: Deployment of web application directory /home/herwono/vsphere-web-client/tomcat/webapps/host-client#bootstrap-ui has finished in 56 ms
Nov 11, 2014 5:15:30 PM org.apache.catalina.startup.HostConfig deployDirectory
INFO: Deploying web application directory /home/herwono/vsphere-web-client/tomcat/webapps/host-client#cm-ui
Nov 11, 2014 5:15:30 PM org.apache.catalina.startup.HostConfig deployDirectory
INFO: Deployment of web application directory /home/herwono/vsphere-web-client/tomcat/webapps/host-client#cm-ui has finished in 65 ms
Nov 11, 2014 5:15:30 PM org.apache.catalina.startup.HostConfig deployDirectory
INFO: Deploying web application directory /home/herwono/vsphere-web-client/tomcat/webapps/host-client#event-ui
Nov 11, 2014 5:15:30 PM org.apache.catalina.startup.HostConfig deployDirectory
INFO: Deployment of web application directory /home/herwono/vsphere-web-client/tomcat/webapps/host-client#event-ui has finished in 45 ms
Nov 11, 2014 5:15:30 PM org.apache.catalina.startup.HostConfig deployDirectory
INFO: Deploying web application directory /home/herwono/vsphere-web-client/tomcat/webapps/host-client#folder-ui
Nov 11, 2014 5:15:30 PM org.apache.catalina.startup.HostConfig deployDirectory
INFO: Deployment of web application directory /home/herwono/vsphere-web-client/tomcat/webapps/host-client#folder-ui has finished in 84 ms
Nov 11, 2014 5:15:30 PM org.apache.catalina.startup.HostConfig deployDirectory
INFO: Deploying web application directory /home/herwono/vsphere-web-client/tomcat/webapps/host-client#host-ui
Nov 11, 2014 5:15:30 PM org.apache.catalina.startup.HostConfig deployDirectory
INFO: Deployment of web application directory /home/herwono/vsphere-web-client/tomcat/webapps/host-client#host-ui has finished in 70 ms
Nov 11, 2014 5:15:30 PM org.apache.catalina.startup.HostConfig deployDirectory
INFO: Deploying web application directory /home/herwono/vsphere-web-client/tomcat/webapps/host-client#inventory-viewer
Nov 11, 2014 5:15:30 PM org.apache.catalina.startup.HostConfig deployDirectory
INFO: Deployment of web application directory /home/herwono/vsphere-web-client/tomcat/webapps/host-client#inventory-viewer has finished in 35 ms
Nov 11, 2014 5:15:30 PM org.apache.catalina.startup.HostConfig deployDirectory
INFO: Deploying web application directory /home/herwono/vsphere-web-client/tomcat/webapps/host-client#license-ui
Nov 11, 2014 5:15:30 PM org.apache.catalina.startup.HostConfig deployDirectory
INFO: Deployment of web application directory /home/herwono/vsphere-web-client/tomcat/webapps/host-client#license-ui has finished in 46 ms
Nov 11, 2014 5:15:30 PM org.apache.catalina.startup.HostConfig deployDirectory
INFO: Deploying web application directory /home/herwono/vsphere-web-client/tomcat/webapps/host-client#network-ui
Nov 11, 2014 5:15:30 PM org.apache.catalina.startup.HostConfig deployDirectory
INFO: Deployment of web application directory /home/herwono/vsphere-web-client/tomcat/webapps/host-client#network-ui has finished in 23 ms
Nov 11, 2014 5:15:30 PM org.apache.catalina.startup.HostConfig deployDirectory
INFO: Deploying web application directory /home/herwono/vsphere-web-client/tomcat/webapps/host-client#opsmgmt-rsls
Nov 11, 2014 5:15:30 PM org.apache.catalina.startup.HostConfig deployDirectory
INFO: Deployment of web application directory /home/herwono/vsphere-web-client/tomcat/webapps/host-client#opsmgmt-rsls has finished in 25 ms
Nov 11, 2014 5:15:30 PM org.apache.catalina.startup.HostConfig deployDirectory
INFO: Deploying web application directory /home/herwono/vsphere-web-client/tomcat/webapps/host-client#ovf-ui
Nov 11, 2014 5:15:30 PM org.apache.catalina.startup.HostConfig deployDirectory
INFO: Deployment of web application directory /home/herwono/vsphere-web-client/tomcat/webapps/host-client#ovf-ui has finished in 28 ms
Nov 11, 2014 5:15:30 PM org.apache.catalina.startup.HostConfig deployDirectory
INFO: Deploying web application directory /home/herwono/vsphere-web-client/tomcat/webapps/host-client#res-mgmt-ui
Nov 11, 2014 5:15:30 PM org.apache.catalina.startup.HostConfig deployDirectory
INFO: Deployment of web application directory /home/herwono/vsphere-web-client/tomcat/webapps/host-client#res-mgmt-ui has finished in 44 ms
Nov 11, 2014 5:15:30 PM org.apache.catalina.startup.HostConfig deployDirectory
INFO: Deploying web application directory /home/herwono/vsphere-web-client/tomcat/webapps/host-client#storage-ui
Nov 11, 2014 5:15:30 PM org.apache.catalina.startup.HostConfig deployDirectory
INFO: Deployment of web application directory /home/herwono/vsphere-web-client/tomcat/webapps/host-client#storage-ui has finished in 52 ms
Nov 11, 2014 5:15:30 PM org.apache.catalina.startup.HostConfig deployDirectory
INFO: Deploying web application directory /home/herwono/vsphere-web-client/tomcat/webapps/host-client#tasks-ui
Nov 11, 2014 5:15:30 PM org.apache.catalina.startup.HostConfig deployDirectory
INFO: Deployment of web application directory /home/herwono/vsphere-web-client/tomcat/webapps/host-client#tasks-ui has finished in 20 ms
Nov 11, 2014 5:15:30 PM org.apache.catalina.startup.HostConfig deployDirectory
INFO: Deploying web application directory /home/herwono/vsphere-web-client/tomcat/webapps/host-client#tiwo-ui
Nov 11, 2014 5:15:30 PM org.apache.catalina.startup.HostConfig deployDirectory
INFO: Deployment of web application directory /home/herwono/vsphere-web-client/tomcat/webapps/host-client#tiwo-ui has finished in 22 ms
Nov 11, 2014 5:15:30 PM org.apache.catalina.startup.HostConfig deployDirectory
INFO: Deploying web application directory /home/herwono/vsphere-web-client/tomcat/webapps/host-client#vm-ui
Nov 11, 2014 5:15:31 PM org.apache.catalina.startup.HostConfig deployDirectory
INFO: Deployment of web application directory /home/herwono/vsphere-web-client/tomcat/webapps/host-client#vm-ui has finished in 45 ms
Nov 11, 2014 5:15:31 PM org.apache.coyote.AbstractProtocol start
INFO: Starting ProtocolHandler ["http-bio-8080"]
Nov 11, 2014 5:15:31 PM org.apache.coyote.AbstractProtocol start
INFO: Starting ProtocolHandler ["ajp-bio-8009"]
Nov 11, 2014 5:15:31 PM org.apache.catalina.startup.Catalina start
INFO: Server startup in 27615 ms
Nov 11, 2014 9:29:00 PM org.apache.coyote.AbstractProtocol pause
INFO: Pausing ProtocolHandler ["http-bio-8080"]
Nov 11, 2014 9:29:00 PM org.apache.coyote.AbstractProtocol pause
INFO: Pausing ProtocolHandler ["ajp-bio-8009"]
Nov 11, 2014 9:29:00 PM org.apache.catalina.core.StandardService stopInternal
INFO: Stopping service Catalina
Nov 11, 2014 9:29:00 PM org.apache.catalina.loader.WebappClassLoader clearReferencesThreads
SEVERE: The web application [/host-client] appears to have started a thread named [VLSI-client-connection-monitor-0] but has failed to stop it. This is very likely to create a memory leak.
Nov 11, 2014 9:29:00 PM org.apache.catalina.loader.WebappClassLoader clearReferencesThreads
SEVERE: The web application [/host-client] appears to have started a thread named [VLSI-client-connection-monitor-1] but has failed to stop it. This is very likely to create a memory leak.
Nov 11, 2014 9:29:00 PM org.apache.catalina.loader.WebappClassLoader clearReferencesThreads
SEVERE: The web application [/host-client] appears to have started a thread named [VLSI-client-connection-monitor-2] but has failed to stop it. This is very likely to create a memory leak.
Nov 11, 2014 9:29:00 PM org.apache.catalina.loader.WebappClassLoader clearReferencesThreads
SEVERE: The web application [/host-client] appears to have started a thread named [VLSI-client-connection-monitor-3] but has failed to stop it. This is very likely to create a memory leak.
Nov 11, 2014 9:29:00 PM org.apache.catalina.loader.WebappClassLoader clearReferencesThreads
SEVERE: The web application [/host-client] appears to have started a thread named [VLSI-client-connection-monitor-4] but has failed to stop it. This is very likely to create a memory leak.
Nov 11, 2014 9:29:00 PM org.apache.catalina.loader.WebappClassLoader clearReferencesThreads
SEVERE: The web application [/host-client] appears to have started a thread named [VLSI-client-connection-monitor-5] but has failed to stop it. This is very likely to create a memory leak.
Nov 11, 2014 9:29:00 PM org.apache.catalina.loader.WebappClassLoader clearReferencesThreads
SEVERE: The web application [/host-client] appears to have started a thread named [VLSI-client-connection-monitor-6] but has failed to stop it. This is very likely to create a memory leak.
Nov 11, 2014 9:29:00 PM org.apache.catalina.loader.WebappClassLoader checkThreadLocalMapForLeaks
SEVERE: The web application [/host-client] created a ThreadLocal with key of type [java.lang.ThreadLocal] (value [java.lang.ThreadLocal@33c73dd9]) and a value of type [com.vmware.vise.util.profiling.ExecutionProfilerImpl.EmptyExecutionProfiler] (value [com.vmware.vise.util.profiling.ExecutionProfilerImpl$EmptyExecutionProfiler@217238f]) but failed to remove it when the web application was stopped. Threads are going to be renewed over time to try and avoid a probable memory leak.
Nov 11, 2014 9:29:00 PM org.apache.catalina.loader.WebappClassLoader checkThreadLocalMapForLeaks
SEVERE: The web application [/host-client] created a ThreadLocal with key of type [com.vmware.vise.util.logging.LogUtil$1] (value [com.vmware.vise.util.logging.LogUtil$1@5e4e92c9]) and a value of type [java.util.concurrent.ConcurrentHashMap] (value [{}]) but failed to remove it when the web application was stopped. Threads are going to be renewed over time to try and avoid a probable memory leak.
Nov 11, 2014 9:29:00 PM org.apache.catalina.loader.WebappClassLoader checkThreadLocalMapForLeaks
SEVERE: The web application [/host-client] created a ThreadLocal with key of type [java.lang.ThreadLocal] (value [java.lang.ThreadLocal@33c73dd9]) and a value of type [com.vmware.vise.util.profiling.ExecutionProfilerImpl.EmptyExecutionProfiler] (value [com.vmware.vise.util.profiling.ExecutionProfilerImpl$EmptyExecutionProfiler@217238f]) but failed to remove it when the web application was stopped. Threads are going to be renewed over time to try and avoid a probable memory leak.
Nov 11, 2014 9:29:00 PM org.apache.catalina.loader.WebappClassLoader checkThreadLocalMapForLeaks
SEVERE: The web application [/host-client] created a ThreadLocal with key of type [com.vmware.vise.util.logging.LogUtil$1] (value [com.vmware.vise.util.logging.LogUtil$1@5e4e92c9]) and a value of type [java.util.concurrent.ConcurrentHashMap] (value [{}]) but failed to remove it when the web application was stopped. Threads are going to be renewed over time to try and avoid a probable memory leak.
Nov 11, 2014 9:29:00 PM org.apache.catalina.loader.WebappClassLoader checkThreadLocalMapForLeaks
SEVERE: The web application [/host-client] created a ThreadLocal with key of type [java.lang.ThreadLocal] (value [java.lang.ThreadLocal@33c73dd9]) and a value of type [com.vmware.vise.util.profiling.ExecutionProfilerImpl.EmptyExecutionProfiler] (value [com.vmware.vise.util.profiling.ExecutionProfilerImpl$EmptyExecutionProfiler@217238f]) but failed to remove it when the web application was stopped. Threads are going to be renewed over time to try and avoid a probable memory leak.
Nov 11, 2014 9:29:00 PM org.apache.catalina.loader.WebappClassLoader checkThreadLocalMapForLeaks
SEVERE: The web application [/host-client] created a ThreadLocal with key of type [com.vmware.vise.util.logging.LogUtil$1] (value [com.vmware.vise.util.logging.LogUtil$1@5e4e92c9]) and a value of type [java.util.concurrent.ConcurrentHashMap] (value [{}]) but failed to remove it when the web application was stopped. Threads are going to be renewed over time to try and avoid a probable memory leak.
Nov 11, 2014 9:29:00 PM org.apache.catalina.loader.WebappClassLoader checkThreadLocalMapForLeaks
SEVERE: The web application [/host-client] created a ThreadLocal with key of type [java.lang.ThreadLocal] (value [java.lang.ThreadLocal@33c73dd9]) and a value of type [com.vmware.vise.util.profiling.ExecutionProfilerImpl.EmptyExecutionProfiler] (value [com.vmware.vise.util.profiling.ExecutionProfilerImpl$EmptyExecutionProfiler@217238f]) but failed to remove it when the web application was stopped. Threads are going to be renewed over time to try and avoid a probable memory leak.
Nov 11, 2014 9:29:00 PM org.apache.catalina.loader.WebappClassLoader checkThreadLocalMapForLeaks
SEVERE: The web application [/host-client] created a ThreadLocal with key of type [com.vmware.vise.util.logging.LogUtil$1] (value [com.vmware.vise.util.logging.LogUtil$1@5e4e92c9]) and a value of type [java.util.concurrent.ConcurrentHashMap] (value [{}]) but failed to remove it when the web application was stopped. Threads are going to be renewed over time to try and avoid a probable memory leak.
Nov 11, 2014 9:29:00 PM org.apache.catalina.loader.WebappClassLoader checkThreadLocalMapForLeaks
SEVERE: The web application [/host-client] created a ThreadLocal with key of type [java.lang.ThreadLocal] (value [java.lang.ThreadLocal@33c73dd9]) and a value of type [com.vmware.vise.util.profiling.ExecutionProfilerImpl.EmptyExecutionProfiler] (value [com.vmware.vise.util.profiling.ExecutionProfilerImpl$EmptyExecutionProfiler@217238f]) but failed to remove it when the web application was stopped. Threads are going to be renewed over time to try and avoid a probable memory leak.
Nov 11, 2014 9:29:00 PM org.apache.catalina.loader.WebappClassLoader checkThreadLocalMapForLeaks
SEVERE: The web application [/host-client] created a ThreadLocal with key of type [com.vmware.vise.util.logging.LogUtil$1] (value [com.vmware.vise.util.logging.LogUtil$1@5e4e92c9]) and a value of type [java.util.concurrent.ConcurrentHashMap] (value [{}]) but failed to remove it when the web application was stopped. Threads are going to be renewed over time to try and avoid a probable memory leak.
Nov 11, 2014 9:29:00 PM org.apache.catalina.loader.WebappClassLoader checkThreadLocalMapForLeaks
SEVERE: The web application [/host-client] created a ThreadLocal with key of type [java.lang.ThreadLocal] (value [java.lang.ThreadLocal@33c73dd9]) and a value of type [com.vmware.vise.util.profiling.ExecutionProfilerImpl.EmptyExecutionProfiler] (value [com.vmware.vise.util.profiling.ExecutionProfilerImpl$EmptyExecutionProfiler@217238f]) but failed to remove it when the web application was stopped. Threads are going to be renewed over time to try and avoid a probable memory leak.
Nov 11, 2014 9:29:00 PM org.apache.catalina.loader.WebappClassLoader checkThreadLocalMapForLeaks
SEVERE: The web application [/host-client] created a ThreadLocal with key of type [com.vmware.vise.util.logging.LogUtil$1] (value [com.vmware.vise.util.logging.LogUtil$1@5e4e92c9]) and a value of type [java.util.concurrent.ConcurrentHashMap] (value [{}]) but failed to remove it when the web application was stopped. Threads are going to be renewed over time to try and avoid a probable memory leak.
Nov 11, 2014 9:29:00 PM org.apache.catalina.loader.WebappClassLoader checkThreadLocalMapForLeaks
SEVERE: The web application [/host-client] created a ThreadLocal with key of type [java.lang.ThreadLocal] (value [java.lang.ThreadLocal@33c73dd9]) and a value of type [com.vmware.vise.util.profiling.ExecutionProfilerImpl.EmptyExecutionProfiler] (value [com.vmware.vise.util.profiling.ExecutionProfilerImpl$EmptyExecutionProfiler@217238f]) but failed to remove it when the web application was stopped. Threads are going to be renewed over time to try and avoid a probable memory leak.
Nov 11, 2014 9:29:00 PM org.apache.catalina.loader.WebappClassLoader checkThreadLocalMapForLeaks
SEVERE: The web application [/host-client] created a ThreadLocal with key of type [com.vmware.vise.util.logging.LogUtil$1] (value [com.vmware.vise.util.logging.LogUtil$1@5e4e92c9]) and a value of type [java.util.concurrent.ConcurrentHashMap] (value [{}]) but failed to remove it when the web application was stopped. Threads are going to be renewed over time to try and avoid a probable memory leak.
Nov 11, 2014 9:29:00 PM org.apache.catalina.loader.WebappClassLoader checkThreadLocalMapForLeaks
SEVERE: The web application [/host-client] created a ThreadLocal with key of type [java.lang.ThreadLocal] (value [java.lang.ThreadLocal@33c73dd9]) and a value of type [com.vmware.vise.util.profiling.ExecutionProfilerImpl.EmptyExecutionProfiler] (value [com.vmware.vise.util.profiling.ExecutionProfilerImpl$EmptyExecutionProfiler@217238f]) but failed to remove it when the web application was stopped. Threads are going to be renewed over time to try and avoid a probable memory leak.
Nov 11, 2014 9:29:00 PM org.apache.catalina.loader.WebappClassLoader checkThreadLocalMapForLeaks
SEVERE: The web application [/host-client] created a ThreadLocal with key of type [com.vmware.vise.util.logging.LogUtil$1] (value [com.vmware.vise.util.logging.LogUtil$1@5e4e92c9]) and a value of type [java.util.concurrent.ConcurrentHashMap] (value [{}]) but failed to remove it when the web application was stopped. Threads are going to be renewed over time to try and avoid a probable memory leak.
Nov 11, 2014 9:29:00 PM org.apache.catalina.loader.WebappClassLoader checkThreadLocalMapForLeaks
SEVERE: The web application [/host-client] created a ThreadLocal with key of type [java.lang.ThreadLocal] (value [java.lang.ThreadLocal@33c73dd9]) and a value of type [com.vmware.vise.util.profiling.ExecutionProfilerImpl.EmptyExecutionProfiler] (value [com.vmware.vise.util.profiling.ExecutionProfilerImpl$EmptyExecutionProfiler@217238f]) but failed to remove it when the web application was stopped. Threads are going to be renewed over time to try and avoid a probable memory leak.
Nov 11, 2014 9:29:00 PM org.apache.catalina.loader.WebappClassLoader checkThreadLocalMapForLeaks
SEVERE: The web application [/host-client] created a ThreadLocal with key of type [com.vmware.vise.util.logging.LogUtil$1] (value [com.vmware.vise.util.logging.LogUtil$1@5e4e92c9]) and a value of type [java.util.concurrent.ConcurrentHashMap] (value [{}]) but failed to remove it when the web application was stopped. Threads are going to be renewed over time to try and avoid a probable memory leak.
Nov 11, 2014 9:29:00 PM org.apache.catalina.loader.WebappClassLoader checkThreadLocalMapForLeaks
SEVERE: The web application [/host-client] created a ThreadLocal with key of type [java.lang.ThreadLocal] (value [java.lang.ThreadLocal@33c73dd9]) and a value of type [com.vmware.vise.util.profiling.ExecutionProfilerImpl.EmptyExecutionProfiler] (value [com.vmware.vise.util.profiling.ExecutionProfilerImpl$EmptyExecutionProfiler@217238f]) but failed to remove it when the web application was stopped. Threads are going to be renewed over time to try and avoid a probable memory leak.
Nov 11, 2014 9:29:00 PM org.apache.catalina.loader.WebappClassLoader checkThreadLocalMapForLeaks
SEVERE: The web application [/host-client] created a ThreadLocal with key of type [com.vmware.vise.util.logging.LogUtil$1] (value [com.vmware.vise.util.logging.LogUtil$1@5e4e92c9]) and a value of type [java.util.concurrent.ConcurrentHashMap] (value [{}]) but failed to remove it when the web application was stopped. Threads are going to be renewed over time to try and avoid a probable memory leak.
Nov 11, 2014 9:29:00 PM org.apache.coyote.AbstractProtocol stop
INFO: Stopping ProtocolHandler ["http-bio-8080"]
Nov 11, 2014 9:29:00 PM org.apache.coyote.AbstractProtocol stop
INFO: Stopping ProtocolHandler ["ajp-bio-8009"]
Nov 11, 2014 9:29:00 PM org.apache.coyote.AbstractProtocol destroy
INFO: Destroying ProtocolHandler ["http-bio-8080"]
Nov 11, 2014 9:29:00 PM org.apache.coyote.AbstractProtocol destroy
INFO: Destroying ProtocolHandler ["ajp-bio-8009"]
Nov 11, 2014 9:29:13 PM org.apache.catalina.core.AprLifecycleListener init
INFO: The APR based Apache Tomcat Native library which allows optimal performance in production environments was not found on the java.library.path: /usr/java/packages/lib/amd64:/usr/lib64:/lib64:/lib:/usr/lib
Nov 11, 2014 9:29:14 PM org.apache.coyote.AbstractProtocol init
INFO: Initializing ProtocolHandler ["http-bio-8080"]
Nov 11, 2014 9:29:14 PM org.apache.coyote.AbstractProtocol init
INFO: Initializing ProtocolHandler ["ajp-bio-8009"]
Nov 11, 2014 9:29:14 PM org.apache.catalina.startup.Catalina load
INFO: Initialization processed in 624 ms
Nov 11, 2014 9:29:14 PM org.apache.catalina.core.StandardService startInternal
INFO: Starting service Catalina
Nov 11, 2014 9:29:14 PM org.apache.catalina.core.StandardEngine startInternal
INFO: Starting Servlet Engine: Apache Tomcat/7.0.56
Nov 11, 2014 9:29:14 PM org.apache.catalina.startup.HostConfig deployDirectory
INFO: Deploying web application directory /home/herwono/vsphere-web-client/tomcat/webapps/ROOT
Nov 11, 2014 9:29:14 PM org.apache.catalina.startup.HostConfig deployDirectory
INFO: Deployment of web application directory /home/herwono/vsphere-web-client/tomcat/webapps/ROOT has finished in 453 ms
Nov 11, 2014 9:29:14 PM org.apache.catalina.startup.HostConfig deployDirectory
INFO: Deploying web application directory /home/herwono/vsphere-web-client/tomcat/webapps/docs
Nov 11, 2014 9:29:14 PM org.apache.catalina.startup.HostConfig deployDirectory
INFO: Deployment of web application directory /home/herwono/vsphere-web-client/tomcat/webapps/docs has finished in 42 ms
Nov 11, 2014 9:29:14 PM org.apache.catalina.startup.HostConfig deployDirectory
INFO: Deploying web application directory /home/herwono/vsphere-web-client/tomcat/webapps/examples
Nov 11, 2014 9:29:15 PM org.apache.catalina.startup.HostConfig deployDirectory
INFO: Deployment of web application directory /home/herwono/vsphere-web-client/tomcat/webapps/examples has finished in 321 ms
Nov 11, 2014 9:29:15 PM org.apache.catalina.startup.HostConfig deployDirectory
INFO: Deploying web application directory /home/herwono/vsphere-web-client/tomcat/webapps/host-manager
Nov 11, 2014 9:29:15 PM org.apache.catalina.startup.HostConfig deployDirectory
INFO: Deployment of web application directory /home/herwono/vsphere-web-client/tomcat/webapps/host-manager has finished in 86 ms
Nov 11, 2014 9:29:15 PM org.apache.catalina.startup.HostConfig deployDirectory
INFO: Deploying web application directory /home/herwono/vsphere-web-client/tomcat/webapps/manager
Nov 11, 2014 9:29:15 PM org.apache.catalina.startup.HostConfig deployDirectory
INFO: Deployment of web application directory /home/herwono/vsphere-web-client/tomcat/webapps/manager has finished in 39 ms
Nov 11, 2014 9:29:15 PM org.apache.catalina.startup.HostConfig deployDirectory
INFO: Deploying web application directory /home/herwono/vsphere-web-client/tomcat/webapps/host-client
Nov 11, 2014 9:29:39 PM org.apache.catalina.session.StandardManager doLoad
SEVERE: IOException while loading persisted sessions: java.io.WriteAbortedException: writing aborted; java.io.NotSerializableException: org.springframework.security.web.firewall.RequestWrapper
java.io.WriteAbortedException: writing aborted; java.io.NotSerializableException: org.springframework.security.web.firewall.RequestWrapper
	at java.io.ObjectInputStream.readObject0(Unknown Source)
	at java.io.ObjectInputStream.defaultReadFields(Unknown Source)
	at java.io.ObjectInputStream.readSerialData(Unknown Source)
	at java.io.ObjectInputStream.readOrdinaryObject(Unknown Source)
	at java.io.ObjectInputStream.readObject0(Unknown Source)
	at java.io.ObjectInputStream.defaultReadFields(Unknown Source)
	at java.io.ObjectInputStream.readSerialData(Unknown Source)
	at java.io.ObjectInputStream.readOrdinaryObject(Unknown Source)
	at java.io.ObjectInputStream.readObject0(Unknown Source)
	at java.io.ObjectInputStream.defaultReadFields(Unknown Source)
	at java.io.ObjectInputStream.readSerialData(Unknown Source)
	at java.io.ObjectInputStream.readOrdinaryObject(Unknown Source)
	at java.io.ObjectInputStream.readObject0(Unknown Source)
	at java.io.ObjectInputStream.readObject(Unknown Source)
	at org.apache.catalina.session.StandardSession.readObject(StandardSession.java:1619)
	at org.apache.catalina.session.StandardSession.readObjectData(StandardSession.java:1084)
	at org.apache.catalina.session.StandardManager.doLoad(StandardManager.java:282)
	at org.apache.catalina.session.StandardManager.load(StandardManager.java:202)
	at org.apache.catalina.session.StandardManager.startInternal(StandardManager.java:489)
	at org.apache.catalina.util.LifecycleBase.start(LifecycleBase.java:150)
	at org.apache.catalina.core.StandardContext.startInternal(StandardContext.java:5501)
	at org.apache.catalina.util.LifecycleBase.start(LifecycleBase.java:150)
	at org.apache.catalina.core.ContainerBase.addChildInternal(ContainerBase.java:901)
	at org.apache.catalina.core.ContainerBase.addChild(ContainerBase.java:877)
	at org.apache.catalina.core.StandardHost.addChild(StandardHost.java:649)
	at org.apache.catalina.startup.HostConfig.deployDirectory(HostConfig.java:1247)
	at org.apache.catalina.startup.HostConfig$DeployDirectory.run(HostConfig.java:1897)
	at java.util.concurrent.Executors$RunnableAdapter.call(Unknown Source)
	at java.util.concurrent.FutureTask.run(Unknown Source)
	at java.util.concurrent.ThreadPoolExecutor.runWorker(Unknown Source)
	at java.util.concurrent.ThreadPoolExecutor$Worker.run(Unknown Source)
	at java.lang.Thread.run(Unknown Source)
Caused by: java.io.NotSerializableException: org.springframework.security.web.firewall.RequestWrapper
	at java.io.ObjectOutputStream.writeObject0(Unknown Source)
	at java.io.ObjectOutputStream.defaultWriteFields(Unknown Source)
	at java.io.ObjectOutputStream.writeSerialData(Unknown Source)
	at java.io.ObjectOutputStream.writeOrdinaryObject(Unknown Source)
	at java.io.ObjectOutputStream.writeObject0(Unknown Source)
	at java.io.ObjectOutputStream.defaultWriteFields(Unknown Source)
	at java.io.ObjectOutputStream.writeSerialData(Unknown Source)
	at java.io.ObjectOutputStream.writeOrdinaryObject(Unknown Source)
	at java.io.ObjectOutputStream.writeObject0(Unknown Source)
	at java.io.ObjectOutputStream.defaultWriteFields(Unknown Source)
	at java.io.ObjectOutputStream.writeSerialData(Unknown Source)
	at java.io.ObjectOutputStream.writeOrdinaryObject(Unknown Source)
	at java.io.ObjectOutputStream.writeObject0(Unknown Source)
	at java.io.ObjectOutputStream.writeObject(Unknown Source)
	at org.apache.catalina.session.StandardSession.writeObject(StandardSession.java:1695)
	at org.apache.catalina.session.StandardSession.writeObjectData(StandardSession.java:1101)
	at org.apache.catalina.session.StandardManager.doUnload(StandardManager.java:430)
	at org.apache.catalina.session.StandardManager.unload(StandardManager.java:351)
	at org.apache.catalina.session.StandardManager.stopInternal(StandardManager.java:516)
	at org.apache.catalina.util.LifecycleBase.stop(LifecycleBase.java:232)
	at org.apache.catalina.core.StandardContext.stopInternal(StandardContext.java:5683)
	at org.apache.catalina.util.LifecycleBase.stop(LifecycleBase.java:232)
	at org.apache.catalina.core.ContainerBase$StopChild.call(ContainerBase.java:1591)
	at org.apache.catalina.core.ContainerBase$StopChild.call(ContainerBase.java:1580)
	... 4 more

Nov 11, 2014 9:29:39 PM org.apache.catalina.session.StandardManager startInternal
SEVERE: Exception loading sessions from persistent storage
java.io.WriteAbortedException: writing aborted; java.io.NotSerializableException: org.springframework.security.web.firewall.RequestWrapper
	at java.io.ObjectInputStream.readObject0(Unknown Source)
	at java.io.ObjectInputStream.defaultReadFields(Unknown Source)
	at java.io.ObjectInputStream.readSerialData(Unknown Source)
	at java.io.ObjectInputStream.readOrdinaryObject(Unknown Source)
	at java.io.ObjectInputStream.readObject0(Unknown Source)
	at java.io.ObjectInputStream.defaultReadFields(Unknown Source)
	at java.io.ObjectInputStream.readSerialData(Unknown Source)
	at java.io.ObjectInputStream.readOrdinaryObject(Unknown Source)
	at java.io.ObjectInputStream.readObject0(Unknown Source)
	at java.io.ObjectInputStream.defaultReadFields(Unknown Source)
	at java.io.ObjectInputStream.readSerialData(Unknown Source)
	at java.io.ObjectInputStream.readOrdinaryObject(Unknown Source)
	at java.io.ObjectInputStream.readObject0(Unknown Source)
	at java.io.ObjectInputStream.readObject(Unknown Source)
	at org.apache.catalina.session.StandardSession.readObject(StandardSession.java:1619)
	at org.apache.catalina.session.StandardSession.readObjectData(StandardSession.java:1084)
	at org.apache.catalina.session.StandardManager.doLoad(StandardManager.java:282)
	at org.apache.catalina.session.StandardManager.load(StandardManager.java:202)
	at org.apache.catalina.session.StandardManager.startInternal(StandardManager.java:489)
	at org.apache.catalina.util.LifecycleBase.start(LifecycleBase.java:150)
	at org.apache.catalina.core.StandardContext.startInternal(StandardContext.java:5501)
	at org.apache.catalina.util.LifecycleBase.start(LifecycleBase.java:150)
	at org.apache.catalina.core.ContainerBase.addChildInternal(ContainerBase.java:901)
	at org.apache.catalina.core.ContainerBase.addChild(ContainerBase.java:877)
	at org.apache.catalina.core.StandardHost.addChild(StandardHost.java:649)
	at org.apache.catalina.startup.HostConfig.deployDirectory(HostConfig.java:1247)
	at org.apache.catalina.startup.HostConfig$DeployDirectory.run(HostConfig.java:1897)
	at java.util.concurrent.Executors$RunnableAdapter.call(Unknown Source)
	at java.util.concurrent.FutureTask.run(Unknown Source)
	at java.util.concurrent.ThreadPoolExecutor.runWorker(Unknown Source)
	at java.util.concurrent.ThreadPoolExecutor$Worker.run(Unknown Source)
	at java.lang.Thread.run(Unknown Source)
Caused by: java.io.NotSerializableException: org.springframework.security.web.firewall.RequestWrapper
	at java.io.ObjectOutputStream.writeObject0(Unknown Source)
	at java.io.ObjectOutputStream.defaultWriteFields(Unknown Source)
	at java.io.ObjectOutputStream.writeSerialData(Unknown Source)
	at java.io.ObjectOutputStream.writeOrdinaryObject(Unknown Source)
	at java.io.ObjectOutputStream.writeObject0(Unknown Source)
	at java.io.ObjectOutputStream.defaultWriteFields(Unknown Source)
	at java.io.ObjectOutputStream.writeSerialData(Unknown Source)
	at java.io.ObjectOutputStream.writeOrdinaryObject(Unknown Source)
	at java.io.ObjectOutputStream.writeObject0(Unknown Source)
	at java.io.ObjectOutputStream.defaultWriteFields(Unknown Source)
	at java.io.ObjectOutputStream.writeSerialData(Unknown Source)
	at java.io.ObjectOutputStream.writeOrdinaryObject(Unknown Source)
	at java.io.ObjectOutputStream.writeObject0(Unknown Source)
	at java.io.ObjectOutputStream.writeObject(Unknown Source)
	at org.apache.catalina.session.StandardSession.writeObject(StandardSession.java:1695)
	at org.apache.catalina.session.StandardSession.writeObjectData(StandardSession.java:1101)
	at org.apache.catalina.session.StandardManager.doUnload(StandardManager.java:430)
	at org.apache.catalina.session.StandardManager.unload(StandardManager.java:351)
	at org.apache.catalina.session.StandardManager.stopInternal(StandardManager.java:516)
	at org.apache.catalina.util.LifecycleBase.stop(LifecycleBase.java:232)
	at org.apache.catalina.core.StandardContext.stopInternal(StandardContext.java:5683)
	at org.apache.catalina.util.LifecycleBase.stop(LifecycleBase.java:232)
	at org.apache.catalina.core.ContainerBase$StopChild.call(ContainerBase.java:1591)
	at org.apache.catalina.core.ContainerBase$StopChild.call(ContainerBase.java:1580)
	... 4 more

Nov 11, 2014 9:29:41 PM org.apache.catalina.startup.HostConfig deployDirectory
INFO: Deployment of web application directory /home/herwono/vsphere-web-client/tomcat/webapps/host-client has finished in 26,597 ms
Nov 11, 2014 9:29:41 PM org.apache.catalina.startup.HostConfig deployDirectory
INFO: Deploying web application directory /home/herwono/vsphere-web-client/tomcat/webapps/host-client#advperfcharts-ui
Nov 11, 2014 9:29:41 PM org.apache.catalina.startup.HostConfig deployDirectory
INFO: Deployment of web application directory /home/herwono/vsphere-web-client/tomcat/webapps/host-client#advperfcharts-ui has finished in 48 ms
Nov 11, 2014 9:29:41 PM org.apache.catalina.startup.HostConfig deployDirectory
INFO: Deploying web application directory /home/herwono/vsphere-web-client/tomcat/webapps/host-client#bootstrap-ui
Nov 11, 2014 9:29:41 PM org.apache.catalina.startup.HostConfig deployDirectory
INFO: Deployment of web application directory /home/herwono/vsphere-web-client/tomcat/webapps/host-client#bootstrap-ui has finished in 68 ms
Nov 11, 2014 9:29:41 PM org.apache.catalina.startup.HostConfig deployDirectory
INFO: Deploying web application directory /home/herwono/vsphere-web-client/tomcat/webapps/host-client#cm-ui
Nov 11, 2014 9:29:41 PM org.apache.catalina.startup.HostConfig deployDirectory
INFO: Deployment of web application directory /home/herwono/vsphere-web-client/tomcat/webapps/host-client#cm-ui has finished in 67 ms
Nov 11, 2014 9:29:41 PM org.apache.catalina.startup.HostConfig deployDirectory
INFO: Deploying web application directory /home/herwono/vsphere-web-client/tomcat/webapps/host-client#event-ui
Nov 11, 2014 9:29:42 PM org.apache.catalina.startup.HostConfig deployDirectory
INFO: Deployment of web application directory /home/herwono/vsphere-web-client/tomcat/webapps/host-client#event-ui has finished in 69 ms
Nov 11, 2014 9:29:42 PM org.apache.catalina.startup.HostConfig deployDirectory
INFO: Deploying web application directory /home/herwono/vsphere-web-client/tomcat/webapps/host-client#folder-ui
Nov 11, 2014 9:29:43 PM org.apache.catalina.startup.HostConfig deployDirectory
INFO: Deployment of web application directory /home/herwono/vsphere-web-client/tomcat/webapps/host-client#folder-ui has finished in 985 ms
Nov 11, 2014 9:29:43 PM org.apache.catalina.startup.HostConfig deployDirectory
INFO: Deploying web application directory /home/herwono/vsphere-web-client/tomcat/webapps/host-client#host-ui
Nov 11, 2014 9:29:43 PM org.apache.catalina.startup.HostConfig deployDirectory
INFO: Deployment of web application directory /home/herwono/vsphere-web-client/tomcat/webapps/host-client#host-ui has finished in 66 ms
Nov 11, 2014 9:29:43 PM org.apache.catalina.startup.HostConfig deployDirectory
INFO: Deploying web application directory /home/herwono/vsphere-web-client/tomcat/webapps/host-client#inventory-viewer
Nov 11, 2014 9:29:43 PM org.apache.catalina.startup.HostConfig deployDirectory
INFO: Deployment of web application directory /home/herwono/vsphere-web-client/tomcat/webapps/host-client#inventory-viewer has finished in 45 ms
Nov 11, 2014 9:29:43 PM org.apache.catalina.startup.HostConfig deployDirectory
INFO: Deploying web application directory /home/herwono/vsphere-web-client/tomcat/webapps/host-client#license-ui
Nov 11, 2014 9:29:43 PM org.apache.catalina.startup.HostConfig deployDirectory
INFO: Deployment of web application directory /home/herwono/vsphere-web-client/tomcat/webapps/host-client#license-ui has finished in 65 ms
Nov 11, 2014 9:29:43 PM org.apache.catalina.startup.HostConfig deployDirectory
INFO: Deploying web application directory /home/herwono/vsphere-web-client/tomcat/webapps/host-client#network-ui
Nov 11, 2014 9:29:43 PM org.apache.catalina.startup.HostConfig deployDirectory
INFO: Deployment of web application directory /home/herwono/vsphere-web-client/tomcat/webapps/host-client#network-ui has finished in 90 ms
Nov 11, 2014 9:29:43 PM org.apache.catalina.startup.HostConfig deployDirectory
INFO: Deploying web application directory /home/herwono/vsphere-web-client/tomcat/webapps/host-client#opsmgmt-rsls
Nov 11, 2014 9:29:43 PM org.apache.catalina.startup.HostConfig deployDirectory
INFO: Deployment of web application directory /home/herwono/vsphere-web-client/tomcat/webapps/host-client#opsmgmt-rsls has finished in 46 ms
Nov 11, 2014 9:29:43 PM org.apache.catalina.startup.HostConfig deployDirectory
INFO: Deploying web application directory /home/herwono/vsphere-web-client/tomcat/webapps/host-client#ovf-ui
Nov 11, 2014 9:29:43 PM org.apache.catalina.startup.HostConfig deployDirectory
INFO: Deployment of web application directory /home/herwono/vsphere-web-client/tomcat/webapps/host-client#ovf-ui has finished in 45 ms
Nov 11, 2014 9:29:43 PM org.apache.catalina.startup.HostConfig deployDirectory
INFO: Deploying web application directory /home/herwono/vsphere-web-client/tomcat/webapps/host-client#res-mgmt-ui
Nov 11, 2014 9:29:43 PM org.apache.catalina.startup.HostConfig deployDirectory
INFO: Deployment of web application directory /home/herwono/vsphere-web-client/tomcat/webapps/host-client#res-mgmt-ui has finished in 45 ms
Nov 11, 2014 9:29:43 PM org.apache.catalina.startup.HostConfig deployDirectory
INFO: Deploying web application directory /home/herwono/vsphere-web-client/tomcat/webapps/host-client#storage-ui
Nov 11, 2014 9:29:43 PM org.apache.catalina.startup.HostConfig deployDirectory
INFO: Deployment of web application directory /home/herwono/vsphere-web-client/tomcat/webapps/host-client#storage-ui has finished in 52 ms
Nov 11, 2014 9:29:43 PM org.apache.catalina.startup.HostConfig deployDirectory
INFO: Deploying web application directory /home/herwono/vsphere-web-client/tomcat/webapps/host-client#tasks-ui
Nov 11, 2014 9:29:43 PM org.apache.catalina.startup.HostConfig deployDirectory
INFO: Deployment of web application directory /home/herwono/vsphere-web-client/tomcat/webapps/host-client#tasks-ui has finished in 59 ms
Nov 11, 2014 9:29:43 PM org.apache.catalina.startup.HostConfig deployDirectory
INFO: Deploying web application directory /home/herwono/vsphere-web-client/tomcat/webapps/host-client#tiwo-ui
Nov 11, 2014 9:29:43 PM org.apache.catalina.startup.HostConfig deployDirectory
INFO: Deployment of web application directory /home/herwono/vsphere-web-client/tomcat/webapps/host-client#tiwo-ui has finished in 42 ms
Nov 11, 2014 9:29:43 PM org.apache.catalina.startup.HostConfig deployDirectory
INFO: Deploying web application directory /home/herwono/vsphere-web-client/tomcat/webapps/host-client#vm-ui
Nov 11, 2014 9:29:43 PM org.apache.catalina.startup.HostConfig deployDirectory
INFO: Deployment of web application directory /home/herwono/vsphere-web-client/tomcat/webapps/host-client#vm-ui has finished in 58 ms
Nov 11, 2014 9:29:43 PM org.apache.coyote.AbstractProtocol start
INFO: Starting ProtocolHandler ["http-bio-8080"]
Nov 11, 2014 9:29:44 PM org.apache.coyote.AbstractProtocol start
INFO: Starting ProtocolHandler ["ajp-bio-8009"]
Nov 11, 2014 9:29:44 PM org.apache.catalina.startup.Catalina start
INFO: Server startup in 30009 ms
