Nov 12, 2014 12:35:56 AM org.apache.catalina.core.ApplicationContext log
INFO: ContextListener: contextInitialized()
Nov 12, 2014 12:35:56 AM org.apache.catalina.core.ApplicationContext log
INFO: SessionListener: contextInitialized()
Nov 12, 2014 12:35:56 AM org.apache.catalina.core.ApplicationContext log
INFO: ContextListener: attributeAdded('org.apache.jasper.compiler.TldLocationsCache', 'org.apache.jasper.compiler.TldLocationsCache@549adb8')
Nov 12, 2014 12:36:02 AM org.apache.catalina.core.ApplicationContext log
INFO: No Spring WebApplicationInitializer types detected on classpath
Nov 12, 2014 12:36:02 AM org.apache.catalina.core.ApplicationContext log
INFO: Initializing Spring root WebApplicationContext
Nov 12, 2014 12:36:29 AM org.apache.catalina.core.ApplicationContext log
INFO: org.tuckey.web.filters.urlrewrite.UrlRewriteFilter INFO: loaded (conf ok)
Nov 12, 2014 12:36:29 AM org.apache.catalina.core.ApplicationContext log
INFO: Initializing Spring FrameworkServlet 'springServlet'
Nov 12, 2014 12:36:31 AM org.apache.catalina.core.ApplicationContext log
INFO: Initializing Spring FrameworkServlet 'downloadManager'
Nov 12, 2014 2:59:40 AM org.apache.catalina.core.ApplicationContext log
INFO: ContextListener: contextInitialized()
Nov 12, 2014 2:59:40 AM org.apache.catalina.core.ApplicationContext log
INFO: SessionListener: contextInitialized()
Nov 12, 2014 2:59:40 AM org.apache.catalina.core.ApplicationContext log
INFO: ContextListener: attributeAdded('org.apache.jasper.compiler.TldLocationsCache', 'org.apache.jasper.compiler.TldLocationsCache@57bffd97')
Nov 12, 2014 2:59:45 AM org.apache.catalina.core.ApplicationContext log
INFO: No Spring WebApplicationInitializer types detected on classpath
Nov 12, 2014 2:59:45 AM org.apache.catalina.core.ApplicationContext log
INFO: Initializing Spring root WebApplicationContext
Nov 12, 2014 2:59:57 AM org.apache.catalina.core.ApplicationContext log
INFO: org.tuckey.web.filters.urlrewrite.UrlRewriteFilter INFO: loaded (conf ok)
Nov 12, 2014 2:59:57 AM org.apache.catalina.core.ApplicationContext log
INFO: Initializing Spring FrameworkServlet 'springServlet'
Nov 12, 2014 2:59:59 AM org.apache.catalina.core.ApplicationContext log
INFO: Initializing Spring FrameworkServlet 'downloadManager'
Nov 12, 2014 3:00:51 AM org.apache.catalina.core.ApplicationContext log
INFO: SessionListener: contextDestroyed()
Nov 12, 2014 3:00:51 AM org.apache.catalina.core.ApplicationContext log
INFO: ContextListener: contextDestroyed()
Nov 12, 2014 3:04:22 AM org.apache.catalina.core.ApplicationContext log
INFO: No Spring WebApplicationInitializer types detected on classpath
Nov 12, 2014 3:04:22 AM org.apache.catalina.core.ApplicationContext log
INFO: Initializing Spring root WebApplicationContext
Nov 12, 2014 3:04:36 AM org.apache.catalina.core.ApplicationContext log
INFO: org.tuckey.web.filters.urlrewrite.UrlRewriteFilter INFO: loaded (conf ok)
Nov 12, 2014 3:04:36 AM org.apache.catalina.core.ApplicationContext log
INFO: Initializing Spring FrameworkServlet 'springServlet'
Nov 12, 2014 3:04:38 AM org.apache.catalina.core.ApplicationContext log
INFO: Initializing Spring FrameworkServlet 'downloadManager'
